[debug] [2017-08-12T01:14:11.727Z] ----------------------------------------------------------------------
[debug] [2017-08-12T01:14:11.729Z] Command:       C:\Program Files\nodejs\node.exe C:\Users\wei\AppData\Roaming\npm\node_modules\firebase-tools\bin\firebase deploy
[debug] [2017-08-12T01:14:11.730Z] CLI Version:   3.9.2
[debug] [2017-08-12T01:14:11.730Z] Platform:      win32
[debug] [2017-08-12T01:14:11.730Z] Node Version:  v7.10.0
[debug] [2017-08-12T01:14:11.730Z] Time:          Fri Aug 11 2017 21:14:11 GMT-0400 (Eastern Daylight Time)
[debug] [2017-08-12T01:14:11.730Z] ----------------------------------------------------------------------
[debug] 
[debug] [2017-08-12T01:14:11.743Z] > command requires scopes: ["email","openid","https://www.googleapis.com/auth/cloudplatformprojects.readonly","https://www.googleapis.com/auth/firebase","https://www.googleapis.com/auth/cloud-platform"]
[debug] [2017-08-12T01:14:11.743Z] > authorizing via signed-in user
[debug] [2017-08-12T01:14:11.745Z] > refreshing access token with scopes: ["email","https://www.googleapis.com/auth/cloud-platform","https://www.googleapis.com/auth/cloudplatformprojects.readonly","https://www.googleapis.com/auth/firebase","openid"]
[debug] [2017-08-12T01:14:11.745Z] >>> HTTP REQUEST POST https://www.googleapis.com/oauth2/v3/token { refresh_token: '1/521ukFzMBTRPrvVAaPpEfB83Qc5OCAPOGfIxVyTR1jwrOf0ULxRcc_owg7hQhE_p',
  client_id: '563584335869-fgrhgmd47bqnekij5i8b5pr03ho849e6.apps.googleusercontent.com',
  client_secret: 'j9iVZfS8kkCEFUPaAeJV0sAi',
  grant_type: 'refresh_token',
  scope: 'email https://www.googleapis.com/auth/cloud-platform https://www.googleapis.com/auth/cloudplatformprojects.readonly https://www.googleapis.com/auth/firebase openid' } 
 Fri Aug 11 2017 21:14:11 GMT-0400 (Eastern Daylight Time)
[debug] [2017-08-12T01:14:11.878Z] <<< HTTP RESPONSE 200
[debug] [2017-08-12T01:14:11.918Z] >>> HTTP REQUEST GET https://admin.firebase.com/v1/projects/matchcards-7d5da  
 Fri Aug 11 2017 21:14:11 GMT-0400 (Eastern Daylight Time)
[debug] [2017-08-12T01:14:12.370Z] <<< HTTP RESPONSE 200
[debug] [2017-08-12T01:14:12.371Z] >>> HTTP REQUEST GET https://admin.firebase.com/v1/database/matchcards-7d5da/tokens  
 Fri Aug 11 2017 21:14:12 GMT-0400 (Eastern Daylight Time)
[debug] [2017-08-12T01:14:12.716Z] <<< HTTP RESPONSE 200
[info] 
[info] === Deploying to 'matchcards-7d5da'...
[info] 
[info] i  deploying hosting
[info] i  hosting: preparing dist directory for upload...
[debug] [2017-08-12T01:14:13.266Z] >>> HTTP REQUEST PUT https://deploy.firebase.com/v1/hosting/matchcards-7d5da/uploads/-KrJ-NEEdKwAtI99DvE4?fileCount=12&message=  
 Fri Aug 11 2017 21:14:13 GMT-0400 (Eastern Daylight Time)
[debug] [2017-08-12T01:14:15.045Z] <<< HTTP RESPONSE 200
[debug] [2017-08-12T01:14:15.045Z] [hosting] .tgz uploaded successfully, waiting for extraction
[info] +  hosting: 12 files uploaded successfully
[info] i  starting release process (may take several minutes)...
[debug] [2017-08-12T01:14:31.268Z] >>> HTTP REQUEST POST https://deploy.firebase.com/v1/projects/matchcards-7d5da/releases { hosting: 
   { public: 'dist',
     ignore: [ 'firebase.json', '**/.*', '**/node_modules/**' ],
     rewrites: [ [Object] ],
     version: '-KrJ-NEEdKwAtI99DvE4',
     prefix: '-KrJ-NEEdKwAtI99DvE4/',
     manifest: [] } } 
 Fri Aug 11 2017 21:14:31 GMT-0400 (Eastern Daylight Time)
